  [1m[36m (1.2ms)[0m  [1mCREATE TABLE "schema_migrations" ("version" varchar NOT NULL) [0m
  [1m[35m (0.5ms)[0m  select sqlite_version(*)
  [1m[36m (1.1ms)[0m  [1mCREATE UNIQUE INDEX "unique_schema_migrations" ON "schema_migrations" ("version")[0m
  [1m[35mActiveRecord::SchemaMigration Load (0.2ms)[0m  SELECT "schema_migrations".* FROM "schema_migrations"
Migrating to CreateUsers (20150707022149)
  [1m[36m (0.1ms)[0m  [1mbegin transaction[0m
  [1m[35m (0.7ms)[0m  CREATE TABLE "users" ("id" INTEGER PRIMARY KEY AUTOINCREMENT NOT NULL, "username" varchar, "email" varchar, "created_at" datetime NOT NULL, "updated_at" datetime NOT NULL) 
  [1m[36mSQL (0.2ms)[0m  [1mINSERT INTO "schema_migrations" ("version") VALUES (?)[0m  [["version", "20150707022149"]]
  [1m[35m (0.9ms)[0m  commit transaction
  [1m[36mActiveRecord::SchemaMigration Load (0.2ms)[0m  [1mSELECT "schema_migrations".* FROM "schema_migrations"[0m


Started GET "/users" for 127.0.0.1 at 2015-07-06 22:23:02 -0400
  [1m[36mActiveRecord::SchemaMigration Load (0.3ms)[0m  [1mSELECT "schema_migrations".* FROM "schema_migrations"[0m
Processing by UsersController#index as HTML
  [1m[35mUser Load (0.5ms)[0m  SELECT "users".* FROM "users"
  Rendered users/index.html.erb within layouts/application (5.1ms)
Completed 200 OK in 5226ms (Views: 5199.4ms | ActiveRecord: 0.7ms)


Started GET "/assets/scaffolds.self-6e524682d5af94a368537b931905d67ea67f92792b27878b0f9855e973a767ac.css?body=1" for 127.0.0.1 at 2015-07-06 22:23:08 -0400


Started GET "/assets/users.self-e3b0c44298fc1c149afbf4c8996fb92427ae41e4649b934ca495991b7852b855.css?body=1" for 127.0.0.1 at 2015-07-06 22:23:08 -0400


Started GET "/assets/application.self-e80e8f2318043e8af94dddc2adad5a4f09739a8ebb323b3ab31cd71d45fd9113.css?body=1" for 127.0.0.1 at 2015-07-06 22:23:08 -0400


Started GET "/assets/jquery.self-d03a5518f45df77341bdbe6201ba3bfa547ebba8ed64f0ea56bfa5f96ea7c074.js?body=1" for 127.0.0.1 at 2015-07-06 22:23:08 -0400


Started GET "/assets/jquery_ujs.self-ca5248a2fad13d6bd58ea121318d642f195f0b2dd818b30615f785ff365e8d1f.js?body=1" for 127.0.0.1 at 2015-07-06 22:23:08 -0400


Started GET "/assets/turbolinks.self-c37727e9bd6b2735da5c311aa83fead54ed0be6cc8bd9a65309e9c5abe2cbfff.js?body=1" for 127.0.0.1 at 2015-07-06 22:23:08 -0400


Started GET "/assets/users.self-877aef30ae1b040ab8a3aba4e3e309a11d7f2612f44dde450b5c157aa5f95c05.js?body=1" for 127.0.0.1 at 2015-07-06 22:23:08 -0400


Started GET "/assets/application.self-3b8dabdc891efe46b9a144b400ad69e37d7e5876bdc39dee783419a69d7ca819.js?body=1" for 127.0.0.1 at 2015-07-06 22:23:08 -0400


Started GET "/" for 127.0.0.1 at 2015-07-07 20:19:24 -0400
  [1m[36mActiveRecord::SchemaMigration Load (0.4ms)[0m  [1mSELECT "schema_migrations".* FROM "schema_migrations"[0m
Processing by Rails::WelcomeController#index as HTML
  Rendered /Users/giridhar/.rvm/gems/ruby-2.2.1/gems/railties-4.2.1/lib/rails/templates/rails/welcome/index.html.erb (2.1ms)
Completed 200 OK in 21ms (Views: 10.4ms | ActiveRecord: 0.0ms)


Started GET "/users" for 127.0.0.1 at 2015-07-07 20:31:41 -0400
  [1m[36mActiveRecord::SchemaMigration Load (0.5ms)[0m  [1mSELECT "schema_migrations".* FROM "schema_migrations"[0m
Processing by UsersController#index as HTML
  [1m[35mUser Load (0.5ms)[0m  SELECT "users".* FROM "users"
  Rendered users/index.html.erb within layouts/application (3.7ms)
Completed 200 OK in 241ms (Views: 224.6ms | ActiveRecord: 0.6ms)


Started GET "/assets/scaffolds.self-6e524682d5af94a368537b931905d67ea67f92792b27878b0f9855e973a767ac.css?body=1" for 127.0.0.1 at 2015-07-07 20:31:42 -0400


Started GET "/assets/users.self-e3b0c44298fc1c149afbf4c8996fb92427ae41e4649b934ca495991b7852b855.css?body=1" for 127.0.0.1 at 2015-07-07 20:31:42 -0400


Started GET "/assets/users.self-877aef30ae1b040ab8a3aba4e3e309a11d7f2612f44dde450b5c157aa5f95c05.js?body=1" for 127.0.0.1 at 2015-07-07 20:31:42 -0400


Started GET "/users/new" for 127.0.0.1 at 2015-07-07 20:31:43 -0400
Processing by UsersController#new as HTML
  Rendered users/_form.html.erb (24.0ms)
  Rendered users/new.html.erb within layouts/application (30.2ms)
Completed 200 OK in 66ms (Views: 61.7ms | ActiveRecord: 0.2ms)


Started POST "/users" for 127.0.0.1 at 2015-07-07 20:31:49 -0400
Processing by UsersController#create as HTML
  Parameters: {"utf8"=>"✓", "authenticity_token"=>"J/zPoB3N0w9XqcOfq4sEq4VqjR52sTNt7O0wzAxxOHg3NdgPWUKvOi2vnNt6LJ4qMIbEyIZbFlVBUplXELHwGw==", "user"=>{"username"=>"<script>alert('Hello');</script>", "email"=>"<script>alert('Hello');</script>"}, "commit"=>"Create User"}
  [1m[36m (0.1ms)[0m  [1mbegin transaction[0m
  [1m[35mSQL (0.7ms)[0m  INSERT INTO "users" ("username", "email", "created_at", "updated_at") VALUES (?, ?, ?, ?)  [["username", "<script>alert('Hello');</script>"], ["email", "<script>alert('Hello');</script>"], ["created_at", "2015-07-08 00:31:49.996656"], ["updated_at", "2015-07-08 00:31:49.996656"]]
  [1m[36m (0.6ms)[0m  [1mcommit transaction[0m
Redirected to http://localhost:3000/users/1
Completed 302 Found in 8ms (ActiveRecord: 1.5ms)


Started GET "/users/1" for 127.0.0.1 at 2015-07-07 20:31:50 -0400
Processing by UsersController#show as HTML
  Parameters: {"id"=>"1"}
  [1m[35mUser Load (0.2ms)[0m  SELECT  "users".* FROM "users" WHERE "users"."id" = ? LIMIT 1  [["id", 1]]
  Rendered users/show.html.erb within layouts/application (1.3ms)
Completed 200 OK in 46ms (Views: 37.8ms | ActiveRecord: 0.2ms)


Started GET "/users" for 127.0.0.1 at 2015-07-07 20:31:51 -0400
Processing by UsersController#index as HTML
  [1m[36mUser Load (0.1ms)[0m  [1mSELECT "users".* FROM "users"[0m
  Rendered users/index.html.erb within layouts/application (1.6ms)
Completed 200 OK in 62ms (Views: 60.9ms | ActiveRecord: 0.1ms)


Started GET "/users/new" for 127.0.0.1 at 2015-07-07 20:33:20 -0400
Processing by UsersController#new as HTML
  Rendered users/_form.html.erb (2.5ms)
  Rendered users/new.html.erb within layouts/application (4.7ms)
Completed 200 OK in 56ms (Views: 55.6ms | ActiveRecord: 0.0ms)


Started POST "/users" for 127.0.0.1 at 2015-07-07 20:33:26 -0400
Processing by UsersController#create as HTML
  Parameters: {"utf8"=>"✓", "authenticity_token"=>"BlRrtwA+4rh1mrT35uHMsNgxQLFqYSPDE3+y5Vzva+IWnXwYRLGejQ+c67M3RlYxbd0JZ5qLBvu+wBt+QC+jgQ==", "user"=>{"username"=>"strip_tags(\"some<<b>script>alert('hello')<</b>/script>\")", "email"=>"strip_tags(\"some<<b>script>alert('hello')<</b>/script>\")"}, "commit"=>"Create User"}
  [1m[35m (0.1ms)[0m  begin transaction
  [1m[36mSQL (2.3ms)[0m  [1mINSERT INTO "users" ("username", "email", "created_at", "updated_at") VALUES (?, ?, ?, ?)[0m  [["username", "strip_tags(\"some<<b>script>alert('hello')<</b>/script>\")"], ["email", "strip_tags(\"some<<b>script>alert('hello')<</b>/script>\")"], ["created_at", "2015-07-08 00:33:26.104059"], ["updated_at", "2015-07-08 00:33:26.104059"]]
  [1m[35m (0.8ms)[0m  commit transaction
Redirected to http://localhost:3000/users/2
Completed 302 Found in 8ms (ActiveRecord: 3.2ms)


Started GET "/users/2" for 127.0.0.1 at 2015-07-07 20:33:26 -0400
Processing by UsersController#show as HTML
  Parameters: {"id"=>"2"}
  [1m[36mUser Load (0.2ms)[0m  [1mSELECT  "users".* FROM "users" WHERE "users"."id" = ? LIMIT 1[0m  [["id", 2]]
  Rendered users/show.html.erb within layouts/application (0.5ms)
Completed 200 OK in 43ms (Views: 41.5ms | ActiveRecord: 0.2ms)


Started GET "/users" for 127.0.0.1 at 2015-07-07 20:33:27 -0400
Processing by UsersController#index as HTML
  [1m[35mUser Load (0.2ms)[0m  SELECT "users".* FROM "users"
  Rendered users/index.html.erb within layouts/application (2.2ms)
Completed 200 OK in 70ms (Views: 68.7ms | ActiveRecord: 0.2ms)
